<?xml version="1.0" encoding="UTF-8"?>
<!-- Generated by org.testng.reporters.JUnitXMLReporter -->
<testsuite ignored="0" hostname="BINTERNS-QA34L" failures="0" tests="6" name="Default test" time="74.53" errors="0" timestamp="2023-05-04T14:13:08 IST">
  <testcase classname="amazon.amazon_Test.Signin" name="Signin1" time="25.845"/>
  <testcase classname="amazon.amazon_Test.Signin" name="deliver" time="1.458"/>
  <testcase classname="amazon.amazon_Test.Signin" name="Orders" time="9.719"/>
  <testcase classname="amazon.amazon_Test.Signin" name="Order1" time="10.61"/>
  <testcase classname="amazon.amazon_Test.Signin" name="Order2" time="21.246"/>
  <testcase classname="amazon.amazon_Test.Signin" name="Order3" time="5.621"/>
</testsuite> <!-- Default test -->
